2019/09/17-16-52-34	PRF2,F1	0.84	0.87	0.87	0.86	RF.py
2019/09/19-12-08-19	PRF2,F1	0.84	0.87	0.87	0.85	RF.py
2019/09/23-09-07-15	PRF2,F1	0.84	0.87	0.86	0.85	RF.py
2019/09/23-11-12-40	PRF2,F1	0.83	0.88	0.87	0.85	RF.py
2019/09/23-12-12-26	PRF2,F1	0.84	0.88	0.87	0.86	RF.py
2019/09/23-15-04-07	PRF2,F1	0.84	0.87	0.87	0.86	RF.py
2019/09/30-09-00-02	PRF2,F1	0.84	0.87	0.87	0.86	RF.py
2019/09/30-09-39-59	PRF2,F1	0.84	0.88	0.87	0.86	RF.py
2019/10/01-05-51-36	PRF2,F1	0.84	0.87	0.87	0.85	RF.py
2019/10/08-11-02-56	PRF2,F1	0.80	0.85	0.84	0.82	SGDlog.py
2019/10/08-14-01-48	PRF2,F1	0.83	0.78	0.79	0.80	GB.py
2019/10/09-09-08-55	PRF2,F1	0.86	0.86	0.86	0.86	GB.py
2019/10/09-13-06-54	PRF2,F1	0.86	0.87	0.87	0.87	GB.py
2019/10/10-09-47-49	PRF2,F1	0.87	0.87	0.87	0.87	GB.py
### Before this, scores were for the test set, below are for the validation set
2019/10/29-09-53-44	F2PRNPV	0.8730	0.8664	0.8747	0.9054	GB.py
2019/10/29-15-50-21	F2PRNPV	0.8740	0.8668	0.8758	0.9061	GB.py
2019/10/29-17-01-25	F2PRNPV	0.8423	0.8267	0.8463	0.8827	GB.py
2019/11/04-09-55-11	F2PRNPV	0.8842	0.8599	0.8905	0.9156	GB.py
2019/11/04-10-26-15	F2PRNPV	0.8652	0.8355	0.8729	0.9014	GB.py
2019/11/04-11-38-38	F2PRNPV	0.8849	0.8633	0.8905	0.9159	GB.py
2019/11/04-12-54-50	F2PRNPV	0.8658	0.8580	0.8678	0.9000	GB.py
2019/11/05-20-08-36	F2PRNPV	0.8730	0.8533	0.8781	0.9066	GB.py
2019/11/06-13-56-49	F2PRNPV	0.8635	0.8422	0.8690	0.8994	RF.py
2019/11/06-16-35-56	F2PRNPV	0.8642	0.8389	0.8708	0.9003	GB.py
2019/11/06-21-57-28	F2PRNPV	0.8611	0.8374	0.8672	0.8977	GB.py
2019/11/07-10-12-30	F2PRNPV	0.8605	0.8412	0.8654	0.8969	GB.py
2019/11/07-13-35-01	F2PRNPV	0.8669	0.8404	0.8738	0.9025	RF.py
2019/11/08-09-08-15	F2PRNPV	0.8663	0.8409	0.8729	0.9019	GB.py
2019/11/08-10-21-41	F2PRNPV	0.8393	0.8030	0.8488	0.8816	SGDlog.py
2019/11/09-17-02-14	F2PRNPV	0.8610	0.8337	0.8681	0.8980	GB.py
2019/11/10-10-42-11	F2PRNPV	0.8701	0.8355	0.8792	0.9057	GB.py
2019/11/10-13-17-16	F2PRNPV	0.8727	0.8425	0.8806	0.9074	GB.py
2019/11/10-18-06-50	F2PRNPV	0.8725	0.8414	0.8806	0.9072	GB.py
2019/11/10-21-26-55	F2PRNPV	0.8756	0.8429	0.8842	0.9099	GB.py
2019/11/11-11-16-20	F2PRNPV	0.8837	0.8637	0.8888	0.9148	GB.py
2019/11/11-14-10-44	F2PRNPV	0.8811	0.8702	0.8838	0.9119	GB.py
2019/11/11-18-03-03	F2PRNPV	0.8879	0.8718	0.8921	0.9176	GB.py
2019/11/11-20-10-02	F2PRNPV	0.8887	0.8740	0.8924	0.9180	GB.py
2019/11/12-09-43-27	F2PRNPV	0.7241	0.8964	0.6909	0.8022	SGDlsvm.py
2019/11/12-10-35-41	F2PRNPV	0.8431	0.8259	0.8476	0.8834	SGDlsvm.py
2019/11/12-11-09-34	F2PRNPV	0.8399	0.8350	0.8411	0.8802	SGDlsvm.py
2019/11/12-12-04-11	F2PRNPV	0.8398	0.8402	0.8397	0.8799	SGDlsvm.py
2019/11/12-13-34-15	F2PRNPV	0.8892	0.8739	0.8931	0.9185	GB.py
2019/11/13-10-21-30	F2PRNPV	0.8895	0.8737	0.8935	0.9188	GB.py
2019/11/13-15-32-17	F2PRNPV	0.8888	0.8731	0.8928	0.9182	GB.py
