2018/12/05-16-49-56	PRF4,F1	0.57	0.93	0.90	0.71	SGDlog.py
2018/12/05-17-05-10	PRF4,F1	0.61	0.91	0.89	0.73	SGDlog.py
2018/12/05-17-21-45	PRF4,F1	0.59	0.92	0.89	0.72	SGDlog.py
2018/12/05-17-48-21	PRF4,F1	0.38	1.00	0.91	0.55	SGDlog.py
2018/12/06-08-27-18	PRF4,F1	0.73	0.87	0.86	0.79	SGDlog.py
2018/12/06-08-45-34	PRF4,F1	0.82	0.68	0.69	0.75	SGDlog.py
2018/12/06-11-19-04	PRF2,F1	0.79	0.83	0.82	0.81	SGDlog.py
2018/12/06-12-57-16	PRF2,F1	0.77	0.86	0.84	0.81	SGDlog.py
2018/12/06-13-27-20	PRF2,F1	0.81	0.81	0.81	0.81	SGDlog.py
2018/12/06-19-14-44	PRF2,F1	0.75	0.84	0.82	0.79	SGDlog.py
2018/12/06-19-45-22	PRF2,F1	0.77	0.79	0.78	0.78	SGDlog.py
2018/12/07-09-21-48	PRF2,F1	0.61	0.91	0.83	0.73	SGDlog.py
2018/12/07-14-48-12	PRF2,F1	0.62	0.91	0.83	0.74	SGDlog.py
2018/12/08-15-59-46	PRF2,F1	0.60	0.92	0.83	0.73	SGDlog.py
2018/12/08-16-25-39	PRF2,F1	0.61	0.92	0.83	0.73	SGDlog.py
2018/12/08-18-54-04	PRF2,F1	0.60	0.92	0.83	0.73	SGDlog.py
2018/12/10-15-54-02	PRF2,F1	0.61	0.92	0.83	0.73	SGDlog.py
2018/12/19-12-46-56	PRF2,F1	0.62	0.92	0.84	0.74	SGDlog.py
2018/12/19-17-07-12	PRF2,F1	0.63	0.92	0.84	0.75	SGDlog.py
2018/12/20-13-46-18	PRF2,F1	0.63	0.92	0.84	0.75	SGDlog.py
2019/01/02-16-08-32	PRF2,F1	0.65	0.93	0.85	0.76	SGDlog.py
2019/01/04-16-32-15	PRF2,F1	0.42	0.99	0.78	0.59	SGDlog.py
2019/01/04-16-54-41	PRF2,F1	0.42	0.99	0.78	0.59	SGDlog.py
2019/01/05-16-03-27	PRF2,F1	0.64	0.93	0.85	0.76	SGDlog.py
2019/01/05-16-34-03	PRF2,F1	0.66	0.38	0.42	0.48	RF.py
2019/01/05-16-59-05	PRF2,F1	0.74	0.54	0.57	0.62	RF.py
2019/01/05-17-13-10	PRF2,F1	0.79	0.82	0.82	0.81	RF.py
2019/01/05-17-35-51	PRF2,F1	0.81	0.86	0.85	0.83	RF.py
2019/01/08-10-30-53	PRF2,F1	0.81	0.87	0.86	0.84	RF.py overfit
2019/01/10-15-07-16	PRF2,F1	0.82	0.88	0.87	0.85	RF.py overfit
2019/01/10-15-27-34	PRF2,F1	0.80	0.87	0.86	0.84	RF.py overfit
2019/01/10-15-39-15	PRF2,F1	0.77	0.87	0.85	0.82	RF.py overfit
2019/01/10-15-53-21	PRF2,F1	0.77	0.87	0.85	0.82	RF.py overfit
2019/01/10-16-03-49	PRF2,F1	0.85	0.85	0.85	0.85	RF.py better
2019/01/10-18-14-24	PRF2,F1	0.85	0.84	0.85	0.85	RF.py better
2019/01/10-18-27-01	PRF2,F1	0.83	0.87	0.86	0.85	RF.py overfit
2019/01/14-12-25-56	PRF2,F1	0.79	0.82	0.81	0.80	RF.py
2019/01/14-12-59-32	PRF2,F1	0.83	0.87	0.86	0.85	RF.py
2019/01/14-13-52-59	PRF2,F1	0.82	0.87	0.86	0.85	RF.py
2019/01/14-14-07-40	PRF2,F1	0.82	0.87	0.86	0.85	RF.py
2019/01/28-17-22-41	PRF2,F1	0.83	0.86	0.85	0.84	RF.py
2019/01/28-19-01-13	PRF2,F1	0.65	0.91	0.84	0.76	SGDlog.py
2019/01/29-08-48-28	PRF2,F1	0.64	0.92	0.85	0.76	SGDlog.py
2019/02/04-12-45-22	PRF2,F1	0.67	0.91	0.85	0.77	SGDlog.py
2019/02/05-10-33-50	PRF2,F1	0.75	0.87	0.84	0.81	SGDlog.py
2019/02/12-11-05-16	PRF2,F1	0.74	0.86	0.83	0.80	SGDlog.py
2019/02/13-14-18-33	PRF2,F1	0.73	0.87	0.84	0.79	SGDlog.py
2019/02/13-15-19-19	PRF2,F1	0.79	0.82	0.82	0.81	SGDlog.py
2019/02/13-16-02-36	PRF4,F1	0.79	0.83	0.82	0.81	SGDlog.py
2019/02/18-10-28-38	PRF4,F1	0.74	0.87	0.86	0.80	SGDlog.py
Start Good data: feb18_nopmRevs
2019/02/18-16-18-09	PRF4,F1	0.75	0.87	0.86	0.81	SGDlog.py LW T875
2019/02/18-20-59-28	PRF4,F1	0.64	0.92	0.90	0.76	SGDlog.py L T895
2019/02/19-07-27-08	PRF4,F1	0.83	0.88	0.88	0.85	RF.py LW T899
2019/02/19-09-04-13	PRF4,F1	0.83	0.86	0.86	0.85	RF.py L T874
2019/02/19-16-26-01	PRF4,F1	0.55	0.96	0.92	0.70	SGDlog.py LW T952a alpha 5
2019/02/19-19-19-47	PRF4,F1	0.74	0.86	0.85	0.79	SGDlog.py LP T83
2019/02/20-07-03-16	PRF4,F1	0.57	0.95	0.91	0.71	SGDlog.py LP T94
2019/02/20-09-19-42	PRF2,F1	0.59	0.94	0.84	0.72	SGDlog.py
2019/02/20-10-45-54	PRF2,F1	0.78	0.85	0.83	0.81	SGDlog.py
2019/02/20-11-46-38	PRF4,F1	0.78	0.84	0.84	0.81	SGDlog.py
2019/02/20-12-50-56	PRF2,F1	0.75	0.86	0.83	0.80	SGDlog.py
2019/02/20-13-08-05	PRF2,F1	0.71	0.88	0.84	0.78	SGDlog.py
2019/02/20-13-36-52	PRF2,F1	0.81	0.87	0.86	0.84	RF.py
Start April 22 data set
2019/04/24-11-43-17	PRF2,F1	0.72	0.88	0.84	0.79	SGDlog.py
2019/04/24-12-50-33	PRF2,F1	0.78	0.84	0.83	0.81	SGDlog.py
2019/04/24-14-07-53	PRF2,F1	0.84	0.89	0.88	0.86	RF.py
2019/04/25-05-21-57	PRF2,F1	0.82	0.88	0.87	0.85	RF.py
2019/04/25-06-35-37	PRF2,F1	0.83	0.87	0.86	0.85	RF.py
2019/04/25-10-02-50	PRF2,F1	0.83	0.89	0.88	0.86	RF.py
2019/04/25-10-53-52	PRF2,F1	0.83	0.88	0.87	0.86	RF.py
2019/04/25-11-49-50	PRF2,F1	0.83	0.87	0.86	0.85	RF.py
2019/04/29-15-22-12	PRF2,F1	0.82	0.87	0.86	0.85	RF.py
2019/05/28-17-30-50	PRF2,F1	0.83	0.88	0.87	0.85	RF.py

2019/07/29-15-08-41	PRF2,F1	0.84	0.87	0.86	0.85	RF.py
2019/07/30-09-49-27	PRF2,F1	0.79	0.85	0.84	0.82	SGDlog.py
2019/08/07-13-23-16	PRF2,F1	0.84	0.87	0.86	0.85	RF.py
